<?xml version="1.0" encoding="UTF-8"?>
<testsuite xmlns:xsi="http://www.w3.org/2001/XMLSchema-instance" xsi:noNamespaceSchemaLocation="https://maven.apache.org/surefire/maven-surefire-plugin/xsd/surefire-test-report.xsd" version="3.0.2" name="br.com.alura.runnercircleapi.RunnerCircleApiApplicationTests" time="3.297" tests="1" errors="0" skipped="0" failures="0" flakes="0">
  <properties>
[...]
</properties>
  <testcase name="contextLoads" classname="br.com.alura.runnercircleapi.RunnerCircleApiApplicationTests" time="0.297">
    <system-out><![CDATA[18:22:43.228 [main] INFO org.springframework.test.context.support.AnnotationConfigContextLoaderUtils -- Could not detect default configuration classes for test class [br.com.alura.runnercircleapi.RunnerCircleApiApplicationTests]: RunnerCircleApiApplicationTests does not declare any static, non-private, non-final, nested classes annotated with @Configuration.
18:22:43.395 [main] INFO org.springframework.boot.test.context.SpringBootTestContextBootstrapper -- Found @SpringBootConfiguration br.com.alura.runnercircleapi.RunnerCircleApiApplication for test class br.com.alura.runnercircleapi.RunnerCircleApiApplicationTests
18:22:43.552 [main] INFO org.springframework.test.context.support.AnnotationConfigContextLoaderUtils -- Could not detect default configuration classes for test class [br.com.alura.runnercircleapi.RunnerCircleApiApplicationTests]: RunnerCircleApiApplicationTests does not declare any static, non-private, non-final, nested classes annotated with @Configuration.
18:22:43.553 [main] INFO org.springframework.boot.test.context.SpringBootTestContextBootstrapper -- Found @SpringBootConfiguration br.com.alura.runnercircleapi.RunnerCircleApiApplication for test class br.com.alura.runnercircleapi.RunnerCircleApiApplicationTests

  .   ____          _            __ _ _
 /\\ / ___'_ __ _ _(_)_ __  __ _ \ \ \ \
( ( )\___ | '_ | '_| | '_ \/ _` | \ \ \ \
 \\/  ___)| |_)| | | | | || (_| |  ) ) ) )
  '  |____| .__|_| |_|_| |_\__, | / / / /
 =========|_|==============|___/=/_/_/_/

 :: Spring Boot ::                (v4.1.0)

2026-08-14T18:22:43.817-03:00  INFO 28954 --- [runner-circle-api] [           main] b.c.a.r.RunnerCircleApiApplicationTests  : Starting RunnerCircleApiApplicationTests using Java 25.0.4 with PID 28954 (started by damianacosta in /Users/damianacosta/Projetos/Alura/Curso sprint-boot-apis-profissionais/runner-circle-api)
2026-08-14T18:22:43.817-03:00  INFO 28954 --- [runner-circle-api] [           main] b.c.a.r.RunnerCircleApiApplicationTests  : No active profile set, falling back to 1 default profile: "default"
2026-08-14T18:22:44.554-03:00  INFO 28954 --- [runner-circle-api] [           main] .s.d.r.c.RepositoryConfigurationDelegate : Bootstrapping Spring Data JPA repositories in DEFAULT mode.
2026-08-14T18:22:44.589-03:00  INFO 28954 --- [runner-circle-api] [           main] .s.d.r.c.RepositoryConfigurationDelegate : Finished Spring Data repository scanning in 27 ms. Found 2 JPA repository interfaces.
2026-08-14T18:22:44.838-03:00  INFO 28954 --- [runner-circle-api] [           main] org.hibernate.orm.jpa                    : HHH008540: Processing PersistenceUnitInfo [name: default]
2026-08-14T18:22:44.872-03:00  INFO 28954 --- [runner-circle-api] [           main] org.hibernate.orm.core                   : HHH000001: Hibernate ORM core version 7.4.1.Final
2026-08-14T18:22:45.058-03:00  INFO 28954 --- [runner-circle-api] [           main] o.s.o.j.p.SpringPersistenceUnitInfo      : No LoadTimeWeaver setup: ignoring JPA class transformer
2026-08-14T18:22:45.070-03:00  INFO 28954 --- [runner-circle-api] [           main] com.zaxxer.hikari.HikariDataSource       : HikariPool-1 - Starting...
2026-08-14T18:22:45.162-03:00  INFO 28954 --- [runner-circle-api] [           main] com.zaxxer.hikari.pool.HikariPool        : HikariPool-1 - Added connection org.postgresql.jdbc.PgConnection@7a247711
2026-08-14T18:22:45.163-03:00  INFO 28954 --- [runner-circle-api] [           main] com.zaxxer.hikari.HikariDataSource       : HikariPool-1 - Start completed.
2026-08-14T18:22:45.210-03:00  INFO 28954 --- [runner-circle-api] [           main] org.hibernate.orm.connections.pooling    : HHH10001005: Database info:
	Database JDBC URL [jdbc:postgresql://localhost:5432/runnercircle]
	Database driver: PostgreSQL JDBC Driver
	Database dialect: PostgreSQLDialect
	Database version: 17.11
	Default catalog/schema: runnercircle/public
	Autocommit mode: undefined/unknown
	Isolation level: READ_COMMITTED [default READ_COMMITTED]
	JDBC fetch size: none
	Pool: DataSourceConnectionProvider
	Minimum pool size: undefined/unknown
	Maximum pool size: undefined/unknown
2026-08-14T18:22:45.577-03:00  INFO 28954 --- [runner-circle-api] [           main] org.hibernate.orm.core                   : HHH000489: No JTA platform available (set 'hibernate.transaction.jta.platform' to enable JTA platform integration)
2026-08-14T18:22:45.615-03:00  INFO 28954 --- [runner-circle-api] [           main] j.LocalContainerEntityManagerFactoryBean : Initialized JPA EntityManagerFactory for persistence unit 'default'
2026-08-14T18:22:45.656-03:00  INFO 28954 --- [runner-circle-api] [           main] o.s.d.j.r.query.QueryEnhancerFactories   : Hibernate is in classpath; If applicable, HQL parser will be used.
2026-08-14T18:22:45.787-03:00  WARN 28954 --- [runner-circle-api] [           main] JpaBaseConfiguration$JpaWebConfiguration : spring.jpa.open-in-view is enabled by default. Therefore, database queries may be performed during view rendering. Explicitly configure spring.jpa.open-in-view to disable this warning
2026-08-14T18:22:46.052-03:00  INFO 28954 --- [runner-circle-api] [           main] b.c.a.r.RunnerCircleApiApplicationTests  : Started RunnerCircleApiApplicationTests in 2.441 seconds (process running for 3.424)
2026-08-14T18:22:46.053-03:00  WARN 28954 --- [runner-circle-api] [           main] o.s.core.events.SpringDocAppInitializer  : SpringDoc /v3/api-docs endpoint is enabled by default. To disable it in production, set the property 'springdoc.api-docs.enabled=false'
2026-08-14T18:22:46.053-03:00  WARN 28954 --- [runner-circle-api] [           main] o.s.core.events.SpringDocAppInitializer  : SpringDoc /swagger-ui.html endpoint is enabled by default. To disable it in production, set the property 'springdoc.swagger-ui.enabled=false'
]]></system-out>
    <system-err><![CDATA[Mockito is currently self-attaching to enable the inline-mock-maker. This will no longer work in future releases of the JDK. Please add Mockito as an agent to your build as described in Mockito's documentation: https://javadoc.io/doc/org.mockito/mockito-core/latest/org.mockito/org/mockito/Mockito.html#0.3
WARNING: A Java agent has been loaded dynamically (/Users/damianacosta/.m2/repository/net/bytebuddy/byte-buddy-agent/1.18.10/byte-buddy-agent-1.18.10.jar)
WARNING: If a serviceability tool is in use, please run with -XX:+EnableDynamicAgentLoading to hide this warning
WARNING: If a serviceability tool is not in use, please run with -Djdk.instrument.traceUsage for more information
WARNING: Dynamic loading of agents will be disallowed by default in a future release
]]></system-err>
  </testcase>
</testsuite>